# JRE version: Java(TM) SE Runtime Environment (21.0.11+9) (build 21.0.11+9-LTS-211)
# Java VM: Java HotSpot(TM) 64-Bit Server VM (21.0.11+9-LTS-211, mixed mode, tiered, compressed oops, compressed class ptrs, g1 gc, windows-amd64)
GC Precious Log:
 CardTable entry size: 512
 Card Set container configuration: InlinePtr #cards 5 size 8 Array Of Cards #cards 12 size 40 Howl #buckets 4 coarsen threshold 1843 Howl Bitmap #cards 512 size 80 coarsen threshold 460 Card regions per heap region 1 cards per card region 2048
 CPUs: 4 total, 4 available
 Memory: 3976M
 Large Page Support: Disabled
 NUMA Support: Disabled
 Compressed Oops: Enabled (32-bit)
 Heap Region Size: 1M
 Heap Min Capacity: 8M
 Heap Initial Capacity: 64M
 Heap Max Capacity: 996M
 Pre-touch: Disabled
 Parallel Workers: 4
 Concurrent Workers: 1
 Concurrent Refinement Workers: 4
 Periodic GC: Disabled
Heap:
 garbage-first heap   total 65536K, used 26370K [0x00000000c1c00000, 0x0000000100000000)
  region size 1024K, 4 young (4096K), 4 survivors (4096K)
 Metaspace       used 19840K, committed 20032K, reserved 1114112K
  class space    used 1957K, committed 2048K, reserved 1048576K
GC Heap History (11 events):
Event: 1.552 GC heap before
{Heap before GC invocations=0 (full 0):
 garbage-first heap   total 65536K, used 12288K [0x00000000c1c00000, 0x0000000100000000)
  region size 1024K, 13 young (13312K), 0 survivors (0K)
 Metaspace       used 10126K, committed 10304K, reserved 1114112K
  class space    used 945K, committed 1024K, reserved 1048576K
}
Event: 1.880 GC heap after
{Heap after GC invocations=1 (full 0):
 garbage-first heap   total 65536K, used 6624K [0x00000000c1c00000, 0x0000000100000000)
  region size 1024K, 2 young (2048K), 2 survivors (2048K)
 Metaspace       used 10126K, committed 10304K, reserved 1114112K
  class space    used 945K, committed 1024K, reserved 1048576K
}
Event: 3.354 GC heap before
{Heap before GC invocations=1 (full 0):
 garbage-first heap   total 65536K, used 12768K [0x00000000c1c00000, 0x0000000100000000)
  region size 1024K, 8 young (8192K), 2 survivors (2048K)
 Metaspace       used 13676K, committed 13824K, reserved 1114112K
  class space    used 1374K, committed 1472K, reserved 1048576K
}
Event: 3.358 GC heap after
{Heap after GC invocations=2 (full 0):
 garbage-first heap   total 65536K, used 7652K [0x00000000c1c00000, 0x0000000100000000)
  region size 1024K, 1 young (1024K), 1 survivors (1024K)
 Metaspace       used 13676K, committed 13824K, reserved 1114112K
  class space    used 1374K, committed 1472K, reserved 1048576K
}
Event: 4.053 GC heap before
{Heap before GC invocations=2 (full 0):
 garbage-first heap   total 65536K, used 20964K [0x00000000c1c00000, 0x0000000100000000)
  region size 1024K, 15 young (15360K), 1 survivors (1024K)
 Metaspace       used 19647K, committed 19840K, reserved 1114112K
  class space    used 1946K, committed 2048K, reserved 1048576K
}
Event: 4.060 GC heap after
{Heap after GC invocations=3 (full 0):
 garbage-first heap   total 65536K, used 10240K [0x00000000c1c00000, 0x0000000100000000)
  region size 1024K, 2 young (2048K), 2 survivors (2048K)
 Metaspace       used 19647K, committed 19840K, reserved 1114112K
  class space    used 1946K, committed 2048K, reserved 1048576K
}
Event: 4.281 GC heap before
{Heap before GC invocations=3 (full 0):
 garbage-first heap   total 65536K, used 29696K [0x00000000c1c00000, 0x0000000100000000)
  region size 1024K, 21 young (21504K), 2 survivors (2048K)
 Metaspace       used 19695K, committed 19904K, reserved 1114112K
  class space    used 1946K, committed 2048K, reserved 1048576K
}
Event: 4.302 GC heap after
{Heap after GC invocations=4 (full 0):
 garbage-first heap   total 65536K, used 14796K [0x00000000c1c00000, 0x0000000100000000)
  region size 1024K, 3 young (3072K), 3 survivors (3072K)
 Metaspace       used 19695K, committed 19904K, reserved 1114112K
  class space    used 1946K, committed 2048K, reserved 1048576K
}
Event: 4.528 GC heap before
{Heap before GC invocations=4 (full 0):
 garbage-first heap   total 65536K, used 42444K [0x00000000c1c00000, 0x0000000100000000)
  region size 1024K, 29 young (29696K), 3 survivors (3072K)
 Metaspace       used 19840K, committed 20032K, reserved 1114112K
  class space    used 1957K, committed 2048K, reserved 1048576K
}
Event: 4.557 GC heap after
{Heap after GC invocations=5 (full 0):
 garbage-first heap   total 65536K, used 21260K [0x00000000c1c00000, 0x0000000100000000)
  region size 1024K, 4 young (4096K), 4 survivors (4096K)
 Metaspace       used 19840K, committed 20032K, reserved 1114112K
  class space    used 1957K, committed 2048K, reserved 1048576K
}
Event: 4.697 GC heap before
{Heap before GC invocations=5 (full 0):
 garbage-first heap   total 65536K, used 44812K [0x00000000c1c00000, 0x0000000100000000)
  region size 1024K, 27 young (27648K), 4 survivors (4096K)
 Metaspace       used 19840K, committed 20032K, reserved 1114112K
  class space    used 1957K, committed 2048K, reserved 1048576K
}

