# JRE version: Java(TM) SE Runtime Environment (21.0.11+9) (build 21.0.11+9-LTS-211)
# Java VM: Java HotSpot(TM) 64-Bit Server VM (21.0.11+9-LTS-211, mixed mode, sharing, tiered, compressed oops, compressed class ptrs, g1 gc, windows-amd64)
GC Precious Log:
 CardTable entry size: 512
 Card Set container configuration: InlinePtr #cards 5 size 8 Array Of Cards #cards 12 size 40 Howl #buckets 4 coarsen threshold 1843 Howl Bitmap #cards 512 size 80 coarsen threshold 460 Card regions per heap region 1 cards per card region 2048
 CPUs: 4 total, 4 available
 Memory: 3976M
 Large Page Support: Disabled
 NUMA Support: Disabled
 Compressed Oops: Enabled (32-bit)
 Heap Region Size: 1M
 Heap Min Capacity: 8M
 Heap Initial Capacity: 64M
 Heap Max Capacity: 996M
 Pre-touch: Disabled
 Parallel Workers: 4
 Concurrent Workers: 1
 Concurrent Refinement Workers: 4
 Periodic GC: Disabled
Heap:
 garbage-first heap   total 65536K, used 30660K [0x00000000c1c00000, 0x0000000100000000)
  region size 1024K, 3 young (3072K), 3 survivors (3072K)
 Metaspace       used 10056K, committed 10240K, reserved 1114112K
  class space    used 1139K, committed 1216K, reserved 1048576K
GC Heap History (11 events):
Event: 1.891 GC heap before
{Heap before GC invocations=0 (full 0):
 garbage-first heap   total 65536K, used 12288K [0x00000000c1c00000, 0x0000000100000000)
  region size 1024K, 13 young (13312K), 0 survivors (0K)
 Metaspace       used 3212K, committed 3392K, reserved 1114112K
  class space    used 371K, committed 448K, reserved 1048576K
}
Event: 1.904 GC heap after
{Heap after GC invocations=1 (full 0):
 garbage-first heap   total 65536K, used 6272K [0x00000000c1c00000, 0x0000000100000000)
  region size 1024K, 2 young (2048K), 2 survivors (2048K)
 Metaspace       used 3212K, committed 3392K, reserved 1114112K
  class space    used 371K, committed 448K, reserved 1048576K
}
Event: 2.672 GC heap before
{Heap before GC invocations=1 (full 0):
 garbage-first heap   total 65536K, used 15488K [0x00000000c1c00000, 0x0000000100000000)
  region size 1024K, 12 young (12288K), 2 survivors (2048K)
 Metaspace       used 6148K, committed 6400K, reserved 1114112K
  class space    used 771K, committed 896K, reserved 1048576K
}
Event: 2.682 GC heap after
{Heap after GC invocations=2 (full 0):
 garbage-first heap   total 65536K, used 8324K [0x00000000c1c00000, 0x0000000100000000)
  region size 1024K, 2 young (2048K), 2 survivors (2048K)
 Metaspace       used 6148K, committed 6400K, reserved 1114112K
  class space    used 771K, committed 896K, reserved 1048576K
}
Event: 3.731 GC heap before
{Heap before GC invocations=2 (full 0):
 garbage-first heap   total 65536K, used 31876K [0x00000000c1c00000, 0x0000000100000000)
  region size 1024K, 26 young (26624K), 2 survivors (2048K)
 Metaspace       used 9899K, committed 10112K, reserved 1114112K
  class space    used 1129K, committed 1216K, reserved 1048576K
}
Event: 3.752 GC heap after
{Heap after GC invocations=3 (full 0):
 garbage-first heap   total 65536K, used 12900K [0x00000000c1c00000, 0x0000000100000000)
  region size 1024K, 4 young (4096K), 4 survivors (4096K)
 Metaspace       used 9899K, committed 10112K, reserved 1114112K
  class space    used 1129K, committed 1216K, reserved 1048576K
}
Event: 3.999 GC heap before
{Heap before GC invocations=3 (full 0):
 garbage-first heap   total 65536K, used 33380K [0x00000000c1c00000, 0x0000000100000000)
  region size 1024K, 23 young (23552K), 4 survivors (4096K)
 Metaspace       used 9974K, committed 10176K, reserved 1114112K
  class space    used 1133K, committed 1216K, reserved 1048576K
}
Event: 4.029 GC heap after
{Heap after GC invocations=4 (full 0):
 garbage-first heap   total 65536K, used 18432K [0x00000000c1c00000, 0x0000000100000000)
  region size 1024K, 3 young (3072K), 3 survivors (3072K)
 Metaspace       used 9974K, committed 10176K, reserved 1114112K
  class space    used 1133K, committed 1216K, reserved 1048576K
}
Event: 4.264 GC heap before
{Heap before GC invocations=4 (full 0):
 garbage-first heap   total 65536K, used 45056K [0x00000000c1c00000, 0x0000000100000000)
  region size 1024K, 29 young (29696K), 3 survivors (3072K)
 Metaspace       used 10055K, committed 10240K, reserved 1114112K
  class space    used 1139K, committed 1216K, reserved 1048576K
}
Event: 4.301 GC heap after
{Heap after GC invocations=5 (full 0):
 garbage-first heap   total 65536K, used 24413K [0x00000000c1c00000, 0x0000000100000000)
  region size 1024K, 4 young (4096K), 4 survivors (4096K)
 Metaspace       used 10055K, committed 10240K, reserved 1114112K
  class space    used 1139K, committed 1216K, reserved 1048576K
}
Event: 4.438 GC heap before
{Heap before GC invocations=5 (full 0):
 garbage-first heap   total 65536K, used 42845K [0x00000000c1c00000, 0x0000000100000000)
  region size 1024K, 20 young (20480K), 4 survivors (4096K)
 Metaspace       used 10056K, committed 10240K, reserved 1114112K
  class space    used 1139K, committed 1216K, reserved 1048576K
}

