# JRE version: Java(TM) SE Runtime Environment (21.0.11+9) (build 21.0.11+9-LTS-211)
# Java VM: Java HotSpot(TM) 64-Bit Server VM (21.0.11+9-LTS-211, mixed mode, sharing, tiered, compressed oops, compressed class ptrs, g1 gc, windows-amd64)
GC Precious Log:
 CardTable entry size: 512
 Card Set container configuration: InlinePtr #cards 5 size 8 Array Of Cards #cards 12 size 40 Howl #buckets 4 coarsen threshold 1843 Howl Bitmap #cards 512 size 80 coarsen threshold 460 Card regions per heap region 1 cards per card region 2048
 CPUs: 4 total, 4 available
 Memory: 3976M
 Large Page Support: Disabled
 NUMA Support: Disabled
 Compressed Oops: Enabled (32-bit)
 Heap Region Size: 1M
 Heap Min Capacity: 8M
 Heap Initial Capacity: 64M
 Heap Max Capacity: 996M
 Pre-touch: Disabled
 Parallel Workers: 4
 Concurrent Workers: 1
 Concurrent Refinement Workers: 4
 Periodic GC: Disabled
Heap:
 garbage-first heap   total 123904K, used 67571K [0x00000000c1c00000, 0x0000000100000000)
  region size 1024K, 6 young (6144K), 6 survivors (6144K)
 Metaspace       used 10732K, committed 10880K, reserved 1114112K
  class space    used 1226K, committed 1280K, reserved 1048576K
GC Heap History (19 events):
Event: 1.016 GC heap before
{Heap before GC invocations=0 (full 0):
 garbage-first heap   total 65536K, used 12288K [0x00000000c1c00000, 0x0000000100000000)
  region size 1024K, 13 young (13312K), 0 survivors (0K)
 Metaspace       used 3181K, committed 3328K, reserved 1114112K
  class space    used 368K, committed 448K, reserved 1048576K
}
Event: 1.027 GC heap after
{Heap after GC invocations=1 (full 0):
 garbage-first heap   total 65536K, used 6688K [0x00000000c1c00000, 0x0000000100000000)
  region size 1024K, 2 young (2048K), 2 survivors (2048K)
 Metaspace       used 3181K, committed 3328K, reserved 1114112K
  class space    used 368K, committed 448K, reserved 1048576K
}
Event: 1.987 GC heap before
{Heap before GC invocations=1 (full 0):
 garbage-first heap   total 65536K, used 17952K [0x00000000c1c00000, 0x0000000100000000)
  region size 1024K, 13 young (13312K), 2 survivors (2048K)
 Metaspace       used 6780K, committed 6976K, reserved 1114112K
  class space    used 835K, committed 896K, reserved 1048576K
}
Event: 1.996 GC heap after
{Heap after GC invocations=2 (full 0):
 garbage-first heap   total 65536K, used 8679K [0x00000000c1c00000, 0x0000000100000000)
  region size 1024K, 2 young (2048K), 2 survivors (2048K)
 Metaspace       used 6780K, committed 6976K, reserved 1114112K
  class space    used 835K, committed 896K, reserved 1048576K
}
Event: 3.337 GC heap before
{Heap before GC invocations=2 (full 0):
 garbage-first heap   total 65536K, used 28135K [0x00000000c1c00000, 0x0000000100000000)
  region size 1024K, 22 young (22528K), 2 survivors (2048K)
 Metaspace       used 9895K, committed 10048K, reserved 1114112K
  class space    used 1130K, committed 1216K, reserved 1048576K
}
Event: 3.356 GC heap after
{Heap after GC invocations=3 (full 0):
 garbage-first heap   total 65536K, used 12477K [0x00000000c1c00000, 0x0000000100000000)
  region size 1024K, 3 young (3072K), 3 survivors (3072K)
 Metaspace       used 9895K, committed 10048K, reserved 1114112K
  class space    used 1130K, committed 1216K, reserved 1048576K
}
Event: 3.870 GC heap before
{Heap before GC invocations=3 (full 0):
 garbage-first heap   total 65536K, used 41149K [0x00000000c1c00000, 0x0000000100000000)
  region size 1024K, 30 young (30720K), 3 survivors (3072K)
 Metaspace       used 10027K, committed 10176K, reserved 1114112K
  class space    used 1140K, committed 1216K, reserved 1048576K
}
Event: 3.907 GC heap after
{Heap after GC invocations=4 (full 0):
 garbage-first heap   total 65536K, used 20296K [0x00000000c1c00000, 0x0000000100000000)
  region size 1024K, 4 young (4096K), 4 survivors (4096K)
 Metaspace       used 10027K, committed 10176K, reserved 1114112K
  class space    used 1140K, committed 1216K, reserved 1048576K
}
Event: 4.039 GC heap before
{Heap before GC invocations=4 (full 0):
 garbage-first heap   total 65536K, used 43848K [0x00000000c1c00000, 0x0000000100000000)
  region size 1024K, 27 young (27648K), 4 survivors (4096K)
 Metaspace       used 10048K, committed 10240K, reserved 1114112K
  class space    used 1140K, committed 1216K, reserved 1048576K
}
Event: 4.077 GC heap after
{Heap after GC invocations=5 (full 0):
 garbage-first heap   total 65536K, used 26624K [0x00000000c1c00000, 0x0000000100000000)
  region size 1024K, 4 young (4096K), 4 survivors (4096K)
 Metaspace       used 10048K, committed 10240K, reserved 1114112K
  class space    used 1140K, committed 1216K, reserved 1048576K
}
Event: 4.245 GC heap before
{Heap before GC invocations=5 (full 0):
 garbage-first heap   total 65536K, used 50176K [0x00000000c1c00000, 0x0000000100000000)
  region size 1024K, 25 young (25600K), 4 survivors (4096K)
 Metaspace       used 10050K, committed 10240K, reserved 1114112K
  class space    used 1141K, committed 1216K, reserved 1048576K
}
Event: 4.289 GC heap after
{Heap after GC invocations=6 (full 0):
 garbage-first heap   total 123904K, used 34304K [0x00000000c1c00000, 0x0000000100000000)
  region size 1024K, 4 young (4096K), 4 survivors (4096K)
 Metaspace       used 10050K, committed 10240K, reserved 1114112K
  class space    used 1141K, committed 1216K, reserved 1048576K
}
Event: 4.481 GC heap before
{Heap before GC invocations=6 (full 0):
 garbage-first heap   total 123904K, used 67072K [0x00000000c1c00000, 0x0000000100000000)
  region size 1024K, 36 young (36864K), 4 survivors (4096K)
 Metaspace       used 10058K, committed 10240K, reserved 1114112K
  class space    used 1141K, committed 1216K, reserved 1048576K
}
Event: 4.535 GC heap after
{Heap after GC invocations=7 (full 0):
 garbage-first heap   total 123904K, used 43008K [0x00000000c1c00000, 0x0000000100000000)
  region size 1024K, 5 young (5120K), 5 survivors (5120K)
 Metaspace       used 10058K, committed 10240K, reserved 1114112K
  class space    used 1141K, committed 1216K, reserved 1048576K
}
Event: 4.731 GC heap before
{Heap before GC invocations=7 (full 0):
 garbage-first heap   total 123904K, used 73728K [0x00000000c1c00000, 0x0000000100000000)
  region size 1024K, 32 young (32768K), 5 survivors (5120K)
 Metaspace       used 10064K, committed 10240K, reserved 1114112K
  class space    used 1141K, committed 1216K, reserved 1048576K
}
Event: 4.788 GC heap after
{Heap after GC invocations=8 (full 0):
 garbage-first heap   total 123904K, used 53760K [0x00000000c1c00000, 0x0000000100000000)
  region size 1024K, 4 young (4096K), 4 survivors (4096K)
 Metaspace       used 10064K, committed 10240K, reserved 1114112K
  class space    used 1141K, committed 1216K, reserved 1048576K
}
Event: 5.888 GC heap before
{Heap before GC invocations=8 (full 0):
 garbage-first heap   total 123904K, used 91648K [0x00000000c1c00000, 0x0000000100000000)
  region size 1024K, 42 young (43008K), 4 survivors (4096K)
 Metaspace       used 10456K, committed 10688K, reserved 1114112K
  class space    used 1190K, committed 1280K, reserved 1048576K
}
Event: 5.929 GC heap after
{Heap after GC invocations=9 (full 0):
 garbage-first heap   total 123904K, used 60332K [0x00000000c1c00000, 0x0000000100000000)
  region size 1024K, 6 young (6144K), 6 survivors (6144K)
 Metaspace       used 10456K, committed 10688K, reserved 1114112K
  class space    used 1190K, committed 1280K, reserved 1048576K
}
Event: 6.550 GC heap before
{Heap before GC invocations=9 (full 0):
 garbage-first heap   total 123904K, used 97196K [0x00000000c1c00000, 0x0000000100000000)
  region size 1024K, 43 young (44032K), 6 survivors (6144K)
 Metaspace       used 10732K, committed 10880K, reserved 1114112K
  class space    used 1226K, committed 1280K, reserved 1048576K
}

