# JRE version: Java(TM) SE Runtime Environment (21.0.11+9) (build 21.0.11+9-LTS-211)
# Java VM: Java HotSpot(TM) 64-Bit Server VM (21.0.11+9-LTS-211, mixed mode, sharing, tiered, compressed oops, compressed class ptrs, g1 gc, windows-amd64)
GC Precious Log:
 CardTable entry size: 512
 Card Set container configuration: InlinePtr #cards 5 size 8 Array Of Cards #cards 12 size 40 Howl #buckets 4 coarsen threshold 1843 Howl Bitmap #cards 512 size 80 coarsen threshold 460 Card regions per heap region 1 cards per card region 2048
 CPUs: 4 total, 4 available
 Memory: 3976M
 Large Page Support: Disabled
 NUMA Support: Disabled
 Compressed Oops: Enabled (32-bit)
 Heap Region Size: 1M
 Heap Min Capacity: 8M
 Heap Initial Capacity: 64M
 Heap Max Capacity: 996M
 Pre-touch: Disabled
 Parallel Workers: 4
 Concurrent Workers: 1
 Concurrent Refinement Workers: 4
 Periodic GC: Disabled
Heap:
 garbage-first heap   total 273408K, used 226444K [0x00000000c1c00000, 0x0000000100000000)
  region size 1024K, 35 young (35840K), 6 survivors (6144K)
 Metaspace       used 19709K, committed 20160K, reserved 1114112K
  class space    used 2209K, committed 2432K, reserved 1048576K
GC Heap History (20 events):
Event: 9.976 GC heap before
{Heap before GC invocations=9 (full 0):
 garbage-first heap   total 112640K, used 89088K [0x00000000c1c00000, 0x0000000100000000)
  region size 1024K, 37 young (37888K), 5 survivors (5120K)
 Metaspace       used 10460K, committed 10624K, reserved 1114112K
  class space    used 1188K, committed 1280K, reserved 1048576K
}
Event: 10.011 GC heap after
{Heap after GC invocations=10 (full 0):
 garbage-first heap   total 225280K, used 62976K [0x00000000c1c00000, 0x0000000100000000)
  region size 1024K, 5 young (5120K), 5 survivors (5120K)
 Metaspace       used 10460K, committed 10624K, reserved 1114112K
  class space    used 1188K, committed 1280K, reserved 1048576K
}
Event: 43.583 GC heap before
{Heap before GC invocations=11 (full 0):
 garbage-first heap   total 225280K, used 159232K [0x00000000c1c00000, 0x0000000100000000)
  region size 1024K, 101 young (103424K), 5 survivors (5120K)
 Metaspace       used 17111K, committed 17472K, reserved 1114112K
  class space    used 1901K, committed 2048K, reserved 1048576K
}
Event: 43.629 GC heap after
{Heap after GC invocations=12 (full 0):
 garbage-first heap   total 225280K, used 90624K [0x00000000c1c00000, 0x0000000100000000)
  region size 1024K, 13 young (13312K), 13 survivors (13312K)
 Metaspace       used 17111K, committed 17472K, reserved 1114112K
  class space    used 1901K, committed 2048K, reserved 1048576K
}
Event: 44.587 GC heap before
{Heap before GC invocations=12 (full 0):
 garbage-first heap   total 225280K, used 167424K [0x00000000c1c00000, 0x0000000100000000)
  region size 1024K, 84 young (86016K), 13 survivors (13312K)
 Metaspace       used 17409K, committed 17664K, reserved 1114112K
  class space    used 1934K, committed 2048K, reserved 1048576K
}
Event: 44.620 GC heap after
{Heap after GC invocations=13 (full 0):
 garbage-first heap   total 225280K, used 101376K [0x00000000c1c00000, 0x0000000100000000)
  region size 1024K, 9 young (9216K), 9 survivors (9216K)
 Metaspace       used 17409K, committed 17664K, reserved 1114112K
  class space    used 1934K, committed 2048K, reserved 1048576K
}
Event: 45.626 GC heap before
{Heap before GC invocations=13 (full 0):
 garbage-first heap   total 225280K, used 174080K [0x00000000c1c00000, 0x0000000100000000)
  region size 1024K, 80 young (81920K), 9 survivors (9216K)
 Metaspace       used 17450K, committed 17856K, reserved 1114112K
  class space    used 1937K, committed 2112K, reserved 1048576K
}
Event: 45.652 GC heap after
{Heap after GC invocations=14 (full 0):
 garbage-first heap   total 225280K, used 111477K [0x00000000c1c00000, 0x0000000100000000)
  region size 1024K, 10 young (10240K), 10 survivors (10240K)
 Metaspace       used 17450K, committed 17856K, reserved 1114112K
  class space    used 1937K, committed 2112K, reserved 1048576K
}
Event: 46.133 GC heap before
{Heap before GC invocations=14 (full 0):
 garbage-first heap   total 225280K, used 142197K [0x00000000c1c00000, 0x0000000100000000)
  region size 1024K, 42 young (43008K), 10 survivors (10240K)
 Metaspace       used 17633K, committed 17920K, reserved 1114112K
  class space    used 1962K, committed 2112K, reserved 1048576K
}
Event: 46.153 GC heap after
{Heap after GC invocations=15 (full 0):
 garbage-first heap   total 225280K, used 117754K [0x00000000c1c00000, 0x0000000100000000)
  region size 1024K, 6 young (6144K), 6 survivors (6144K)
 Metaspace       used 17633K, committed 17920K, reserved 1114112K
  class space    used 1962K, committed 2112K, reserved 1048576K
}
Event: 48.115 GC heap before
{Heap before GC invocations=16 (full 0):
 garbage-first heap   total 225280K, used 201722K [0x00000000c1c00000, 0x0000000100000000)
  region size 1024K, 76 young (77824K), 6 survivors (6144K)
 Metaspace       used 18914K, committed 19328K, reserved 1114112K
  class space    used 2103K, committed 2304K, reserved 1048576K
}
Event: 48.148 GC heap after
{Heap after GC invocations=17 (full 0):
 garbage-first heap   total 228352K, used 146378K [0x00000000c1c00000, 0x0000000100000000)
  region size 1024K, 10 young (10240K), 10 survivors (10240K)
 Metaspace       used 18914K, committed 19328K, reserved 1114112K
  class space    used 2103K, committed 2304K, reserved 1048576K
}
Event: 49.155 GC heap before
{Heap before GC invocations=17 (full 0):
 garbage-first heap   total 228352K, used 228298K [0x00000000c1c00000, 0x0000000100000000)
  region size 1024K, 59 young (60416K), 10 survivors (10240K)
 Metaspace       used 19342K, committed 19712K, reserved 1114112K
  class space    used 2160K, committed 2368K, reserved 1048576K
}
Event: 49.237 GC heap after
{Heap after GC invocations=18 (full 0):
 garbage-first heap   total 273408K, used 188928K [0x00000000c1c00000, 0x0000000100000000)
  region size 1024K, 8 young (8192K), 8 survivors (8192K)
 Metaspace       used 19342K, committed 19712K, reserved 1114112K
  class space    used 2160K, committed 2368K, reserved 1048576K
}
Event: 49.544 GC heap before
{Heap before GC invocations=18 (full 0):
 garbage-first heap   total 273408K, used 228864K [0x00000000c1c00000, 0x0000000100000000)
  region size 1024K, 47 young (48128K), 8 survivors (8192K)
 Metaspace       used 19447K, committed 19904K, reserved 1114112K
  class space    used 2171K, committed 2368K, reserved 1048576K
}
Event: 49.578 GC heap after
{Heap after GC invocations=19 (full 0):
 garbage-first heap   total 273408K, used 196608K [0x00000000c1c00000, 0x0000000100000000)
  region size 1024K, 6 young (6144K), 6 survivors (6144K)
 Metaspace       used 19447K, committed 19904K, reserved 1114112K
  class space    used 2171K, committed 2368K, reserved 1048576K
}
Event: 49.737 GC heap before
{Heap before GC invocations=19 (full 0):
 garbage-first heap   total 273408K, used 236544K [0x00000000c1c00000, 0x0000000100000000)
  region size 1024K, 45 young (46080K), 6 survivors (6144K)
 Metaspace       used 19453K, committed 19904K, reserved 1114112K
  class space    used 2171K, committed 2368K, reserved 1048576K
}
Event: 49.758 GC heap after
{Heap after GC invocations=20 (full 0):
 garbage-first heap   total 273408K, used 202354K [0x00000000c1c00000, 0x0000000100000000)
  region size 1024K, 5 young (5120K), 5 survivors (5120K)
 Metaspace       used 19453K, committed 19904K, reserved 1114112K
  class space    used 2171K, committed 2368K, reserved 1048576K
}
Event: 49.926 GC heap before
{Heap before GC invocations=20 (full 0):
 garbage-first heap   total 273408K, used 242290K [0x00000000c1c00000, 0x0000000100000000)
  region size 1024K, 43 young (44032K), 5 survivors (5120K)
 Metaspace       used 19453K, committed 19904K, reserved 1114112K
  class space    used 2171K, committed 2368K, reserved 1048576K
}
Event: 49.946 GC heap after
{Heap after GC invocations=21 (full 0):
 garbage-first heap   total 273408K, used 210060K [0x00000000c1c00000, 0x0000000100000000)
  region size 1024K, 6 young (6144K), 6 survivors (6144K)
 Metaspace       used 19453K, committed 19904K, reserved 1114112K
  class space    used 2171K, committed 2368K, reserved 1048576K
}

